
=== Wed May 22 11:54:34 2019

Packages were changed.
Update Mode: mergeDefaultDependencies

The following packages were added:
  com.unity.timeline@1.0.0
The following packages were updated:
  com.unity.analytics from version 3.2.2 to 3.3.2
  com.unity.collab-proxy from version 1.2.9 to 1.2.16
  com.unity.package-manager-ui from version 2.1.1 to 2.1.2
  com.unity.purchasing from version 2.0.1 to 2.0.6
  com.unity.textmeshpro from version 1.3.0 to 2.0.0

=== Mon May 27 11:36:03 2019

Packages were changed.
Update Mode: resetToDefaultDependencies

The following packages were updated:
  com.unity.textmeshpro from version 2.0.1 to 2.0.0
  com.unity.package-manager-ui from version 2.3.0 to 2.1.2
The following packages were removed:
  com.unity.render-pipelines.lightweight@5.7.2
  com.unity.xr.oculus.standalone@1.29.1
  com.unity.xr.openvr.standalone@1.0.5

=== Mon May 27 12:15:00 2019

Packages were changed.
Update Mode: updateDependencies

The following packages were added:
  com.unity.2d.tilemap@1.0.0
  com.unity.ext.nunit@1.0.0
  com.unity.test-framework@1.0.12
  com.unity.2d.sprite@1.0.0
  com.unity.ide.vscode@1.0.4
  com.unity.ide.visualstudio@1.0.5
  com.unity.ide.rider@1.0.4
  com.unity.modules.androidjni@1.0.0
The following packages were updated:
  com.unity.package-manager-ui from version 2.1.2 to 2.2.0
